<?xml version="1.0" encoding="UTF-8"?>
<!-- Generated by org.testng.reporters.JUnitReportReporter -->
<testsuite skipped="0" hostname="LAPTOP-J4M5L8TH" name="test.HP" tests="1" failures="0" timestamp="07 sep 2022 23:59:02 GMT" time="22.050" errors="0">
  <testcase name="HP" time="22.050" classname="test.HP"/>
</testsuite> <!-- test.HP -->
